<?xml version="1.0" encoding="UTF-8"?>
<testng-results ignored="1" total="2" passed="1" failed="0" skipped="0">
  <reporter-output>
  </reporter-output>
  <suite started-at="2020-01-21T23:50:38 IST" name="suite of suites" finished-at="2020-01-21T23:51:41 IST" duration-ms="63565">
    <groups>
    </groups>
    <test started-at="2020-01-21T23:50:38 IST" name="Chrome Suite" finished-at="2020-01-21T23:51:41 IST" duration-ms="63565">
      <class name="com.empirix.cloud.testcases.MyProfile">
        <test-method is-config="true" signature="befo(java.lang.String)[pri:0, instance:com.empirix.cloud.testcases.MyProfile@d706f19]" started-at="2020-01-21T23:50:38 IST" name="befo" finished-at="2020-01-21T23:51:02 IST" duration-ms="24187" status="PASS">
          <params>
            <param index="0">
              <value>
                <![CDATA[Chrome]]>
              </value>
            </param>
          </params>
          <reporter-output>
          </reporter-output>
        </test-method> <!-- befo -->
        <test-method is-config="true" signature="befMethod()[pri:0, instance:com.empirix.cloud.testcases.MyProfile@d706f19]" started-at="2020-01-21T23:51:02 IST" name="befMethod" finished-at="2020-01-21T23:51:13 IST" duration-ms="10739" status="PASS">
          <reporter-output>
          </reporter-output>
        </test-method> <!-- befMethod -->
        <test-method signature="userTabs()[pri:0, instance:com.empirix.cloud.testcases.MyProfile@d706f19]" started-at="2020-01-21T23:51:13 IST" name="userTabs" finished-at="2020-01-21T23:51:41 IST" duration-ms="28602" status="PASS">
          <reporter-output>
          </reporter-output>
        </test-method> <!-- userTabs -->
      </class> <!-- com.empirix.cloud.testcases.MyProfile -->
    </test> <!-- Chrome Suite -->
  </suite> <!-- suite of suites -->
</testng-results>
