<?xml version="1.0" encoding="UTF-8"?>
<!-- Generated by org.testng.reporters.JUnitXMLReporter -->
<testsuite ignored="1" hostname="Taruns-MacBook-Pro.local" failures="0" tests="1" name="Chrome Suite" time="63.565" errors="0" timestamp="2020-01-21T23:51:46 IST">
  <testcase classname="com.empirix.cloud.testcases.MyProfile" name="userTabs" time="28.602"/>
  <testcase classname="com.empirix.cloud.testcases.MyProfile" name="switchLanguage" time="0.0">
    <ignored/>
  </testcase> <!-- switchLanguage -->
</testsuite> <!-- Chrome Suite -->
