<?xml version="1.0" encoding="UTF-8"?>
<!-- Generated by org.testng.reporters.JUnitXMLReporter -->
<testsuite ignored="0" hostname="Taruns-MacBook-Pro.local" failures="0" tests="1" name="Firefox Suite" time="9.983" errors="0" timestamp="2020-01-21T23:27:09 IST">
  <testcase classname="com.empirix.cloud.helper.TestBase" name="@BeforeTest befo" time="0.125">
    <failure type="java.lang.IllegalStateException" message="The driver executable does not exist: /Users/tarungoswami/git/empirix/Empirix/drivers/mac_edge_driver.exe">
      <![CDATA[java.lang.IllegalStateException: The driver executable does not exist: /Users/tarungoswami/git/empirix/Empirix/drivers/mac_edge_driver.exe
at com.google.common.base.Preconditions.checkState(Preconditions.java:585)
at org.openqa.selenium.remote.service.DriverService.checkExecutable(DriverService.java:146)
at org.openqa.selenium.remote.service.DriverService.findExecutable(DriverService.java:141)
at org.openqa.selenium.edge.EdgeDriverService.access$000(EdgeDriverService.java:37)
at org.openqa.selenium.edge.EdgeDriverService$Builder.findDefaultExecutable(EdgeDriverService.java:90)
at org.openqa.selenium.remote.service.DriverService$Builder.build(DriverService.java:355)
at org.openqa.selenium.edge.EdgeDriverService.createDefaultService(EdgeDriverService.java:70)
at org.openqa.selenium.edge.EdgeDriver.<init>(EdgeDriver.java:96)
at com.empirix.cloud.helper.TestBase.setDriver(TestBase.java:120)
at com.empirix.cloud.helper.TestBase.befo(TestBase.java:164)
at java.base/java.util.concurrent.FutureTask.run(FutureTask.java:264)
at java.base/java.util.concurrent.ThreadPoolExecutor.runWorker(ThreadPoolExecutor.java:1128)
at java.base/java.util.concurrent.ThreadPoolExecutor$Worker.run(ThreadPoolExecutor.java:628)
at java.base/java.lang.Thread.run(Thread.java:835)
... Removed 15 stack frames]]>
    </failure>
  </testcase> <!-- @BeforeTest befo -->
  <testcase classname="com.empirix.cloud.testcases.Login" name="@BeforeMethod befMethod" time="-1.579629419847E9">
    <skipped/>
  </testcase> <!-- @BeforeMethod befMethod -->
  <testcase classname="com.empirix.cloud.testcases.Login" name="verifyLogin" time="0.0">
    <skipped/>
  </testcase> <!-- verifyLogin -->
</testsuite> <!-- Firefox Suite -->
